2022-11-01 08:40:33,348 [Worker-0: Loading available Gradle versions] INFO  o.e.b.c.i.u.g.PublishedGradleVersions - Gradle version information cache is up-to-date. Trying to read.
2022-11-01 19:18:23,426 [Worker-0: Loading available Gradle versions] INFO  o.e.b.c.i.u.g.PublishedGradleVersions - Gradle version information cache is up-to-date. Trying to read.
2022-11-01 19:52:08,229 [Worker-0: Loading available Gradle versions] INFO  o.e.b.c.i.u.g.PublishedGradleVersions - Gradle version information cache is up-to-date. Trying to read.
2022-11-01 21:43:36,441 [Worker-2: Loading available Gradle versions] INFO  o.e.b.c.i.u.g.PublishedGradleVersions - Gradle version information cache is up-to-date. Trying to read.
2022-11-02 21:03:51,630 [Worker-6: Loading available Gradle versions] INFO  o.e.b.c.i.u.g.PublishedGradleVersions - Gradle version information cache is out-of-date. Trying to update.
2022-11-03 17:36:03,680 [Worker-2: Loading available Gradle versions] INFO  o.e.b.c.i.u.g.PublishedGradleVersions - Gradle version information cache is up-to-date. Trying to read.
2022-11-06 18:09:37,509 [Worker-4: Loading available Gradle versions] INFO  o.e.b.c.i.u.g.PublishedGradleVersions - Gradle version information cache is up-to-date. Trying to read.
2022-11-07 18:00:40,366 [Worker-2: Loading available Gradle versions] INFO  o.e.b.c.i.u.g.PublishedGradleVersions - Gradle version information cache is up-to-date. Trying to read.
2022-11-08 17:45:16,570 [Worker-2: Loading available Gradle versions] INFO  o.e.b.c.i.u.g.PublishedGradleVersions - Gradle version information cache is out-of-date. Trying to update.
2022-11-09 17:49:16,817 [Worker-6: Loading available Gradle versions] INFO  o.e.b.c.i.u.g.PublishedGradleVersions - Gradle version information cache is out-of-date. Trying to update.
2022-11-10 17:59:32,037 [Worker-2: Loading available Gradle versions] INFO  o.e.b.c.i.u.g.PublishedGradleVersions - Gradle version information cache is out-of-date. Trying to update.
2022-11-14 17:58:03,340 [Worker-0: Loading available Gradle versions] INFO  o.e.b.c.i.u.g.PublishedGradleVersions - Gradle version information cache is out-of-date. Trying to update.
2022-11-17 18:08:01,925 [Worker-0: Loading available Gradle versions] INFO  o.e.b.c.i.u.g.PublishedGradleVersions - Gradle version information cache is out-of-date. Trying to update.
2022-11-19 17:10:49,278 [Worker-7: Loading available Gradle versions] INFO  o.e.b.c.i.u.g.PublishedGradleVersions - Gradle version information cache is out-of-date. Trying to update.
2022-11-20 17:55:42,100 [Worker-7: Loading available Gradle versions] INFO  o.e.b.c.i.u.g.PublishedGradleVersions - Gradle version information cache is out-of-date. Trying to update.
2022-11-20 18:20:41,755 [Worker-8: http://dl.bintray.com/testng-team/testng-p2-release/p2.index] INFO  o.a.h.c.h.i.c.HttpRequestRetryExec - Recoverable I/O exception (org.apache.hc.core5.http.NoHttpResponseException) caught when processing request to {}->http://dl.bintray.com:80
2022-11-20 18:20:43,012 [Worker-31: http://dl.bintray.com/testng-team/testng-p2-release/p2.index] INFO  o.a.h.c.h.i.c.HttpRequestRetryExec - Recoverable I/O exception (org.apache.hc.core5.http.NoHttpResponseException) caught when processing request to {}->http://dl.bintray.com:80
2022-11-20 18:20:44,039 [Worker-8: http://dl.bintray.com/testng-team/testng-p2-release/content.jar] INFO  o.a.h.c.h.i.c.HttpRequestRetryExec - Recoverable I/O exception (org.apache.hc.core5.http.NoHttpResponseException) caught when processing request to {}->http://dl.bintray.com:80
2022-11-20 18:20:45,077 [Worker-34: http://dl.bintray.com/testng-team/testng-p2-release/content.xml] INFO  o.a.h.c.h.i.c.HttpRequestRetryExec - Recoverable I/O exception (org.apache.hc.core5.http.NoHttpResponseException) caught when processing request to {}->http://dl.bintray.com:80
2022-11-20 18:21:22,644 [Worker-8: http://dl.bintray.com/testng-team/testng-p2-release/p2.index] INFO  o.a.h.c.h.i.c.HttpRequestRetryExec - Recoverable I/O exception (org.apache.hc.core5.http.NoHttpResponseException) caught when processing request to {}->http://dl.bintray.com:80
2022-11-20 18:21:23,880 [Worker-31: http://dl.bintray.com/testng-team/testng-p2-release/p2.index] INFO  o.a.h.c.h.i.c.HttpRequestRetryExec - Recoverable I/O exception (org.apache.hc.core5.http.NoHttpResponseException) caught when processing request to {}->http://dl.bintray.com:80
2022-11-20 18:21:24,927 [Worker-35: http://dl.bintray.com/testng-team/testng-p2-release/content.jar] INFO  o.a.h.c.h.i.c.HttpRequestRetryExec - Recoverable I/O exception (org.apache.hc.core5.http.NoHttpResponseException) caught when processing request to {}->http://dl.bintray.com:80
2022-11-20 18:21:25,960 [Worker-35: http://dl.bintray.com/testng-team/testng-p2-release/content.xml] INFO  o.a.h.c.h.i.c.HttpRequestRetryExec - Recoverable I/O exception (org.apache.hc.core5.http.NoHttpResponseException) caught when processing request to {}->http://dl.bintray.com:80
2022-11-22 18:00:41,807 [Worker-11: Loading available Gradle versions] INFO  o.e.b.c.i.u.g.PublishedGradleVersions - Gradle version information cache is out-of-date. Trying to update.
2022-11-22 18:19:45,724 [Worker-33: http://dl.bintray.com/testng-team/testng-p2-release/p2.index] INFO  o.a.h.c.h.i.c.HttpRequestRetryExec - Recoverable I/O exception (org.apache.hc.core5.http.NoHttpResponseException) caught when processing request to {}->http://dl.bintray.com:80
2022-11-22 18:19:46,952 [Worker-34: http://dl.bintray.com/testng-team/testng-p2-release/p2.index] INFO  o.a.h.c.h.i.c.HttpRequestRetryExec - Recoverable I/O exception (org.apache.hc.core5.http.NoHttpResponseException) caught when processing request to {}->http://dl.bintray.com:80
2022-11-22 18:19:47,988 [Worker-19: http://dl.bintray.com/testng-team/testng-p2-release/content.jar] INFO  o.a.h.c.h.i.c.HttpRequestRetryExec - Recoverable I/O exception (org.apache.hc.core5.http.NoHttpResponseException) caught when processing request to {}->http://dl.bintray.com:80
2022-11-22 18:19:49,038 [Worker-36: http://dl.bintray.com/testng-team/testng-p2-release/content.xml] INFO  o.a.h.c.h.i.c.HttpRequestRetryExec - Recoverable I/O exception (org.apache.hc.core5.http.NoHttpResponseException) caught when processing request to {}->http://dl.bintray.com:80
2022-11-22 18:20:15,605 [Worker-33: http://dl.bintray.com/testng-team/testng-p2-release/p2.index] INFO  o.a.h.c.h.i.c.HttpRequestRetryExec - Recoverable I/O exception (org.apache.hc.core5.http.NoHttpResponseException) caught when processing request to {}->http://dl.bintray.com:80
2022-11-22 18:20:16,873 [Worker-35: http://dl.bintray.com/testng-team/testng-p2-release/p2.index] INFO  o.a.h.c.h.i.c.HttpRequestRetryExec - Recoverable I/O exception (org.apache.hc.core5.http.NoHttpResponseException) caught when processing request to {}->http://dl.bintray.com:80
2022-11-22 18:20:17,906 [Worker-33: http://dl.bintray.com/testng-team/testng-p2-release/content.jar] INFO  o.a.h.c.h.i.c.HttpRequestRetryExec - Recoverable I/O exception (org.apache.hc.core5.http.NoHttpResponseException) caught when processing request to {}->http://dl.bintray.com:80
2022-11-22 18:20:18,929 [Worker-34: http://dl.bintray.com/testng-team/testng-p2-release/content.xml] INFO  o.a.h.c.h.i.c.HttpRequestRetryExec - Recoverable I/O exception (org.apache.hc.core5.http.NoHttpResponseException) caught when processing request to {}->http://dl.bintray.com:80
2022-11-23 17:57:45,447 [Worker-7: Loading available Gradle versions] INFO  o.e.b.c.i.u.g.PublishedGradleVersions - Gradle version information cache is up-to-date. Trying to read.
2022-11-23 18:45:29,433 [Worker-36: http://dl.bintray.com/testng-team/testng-p2-release/p2.index] INFO  o.a.h.c.h.i.c.HttpRequestRetryExec - Recoverable I/O exception (org.apache.hc.core5.http.NoHttpResponseException) caught when processing request to {}->http://dl.bintray.com:80
2022-11-23 18:45:30,690 [Worker-37: http://dl.bintray.com/testng-team/testng-p2-release/p2.index] INFO  o.a.h.c.h.i.c.HttpRequestRetryExec - Recoverable I/O exception (org.apache.hc.core5.http.NoHttpResponseException) caught when processing request to {}->http://dl.bintray.com:80
2022-11-23 18:45:31,717 [Worker-32: http://dl.bintray.com/testng-team/testng-p2-release/content.jar] INFO  o.a.h.c.h.i.c.HttpRequestRetryExec - Recoverable I/O exception (org.apache.hc.core5.http.NoHttpResponseException) caught when processing request to {}->http://dl.bintray.com:80
2022-11-23 18:45:32,733 [Worker-36: http://dl.bintray.com/testng-team/testng-p2-release/content.xml] INFO  o.a.h.c.h.i.c.HttpRequestRetryExec - Recoverable I/O exception (org.apache.hc.core5.http.NoHttpResponseException) caught when processing request to {}->http://dl.bintray.com:80
2022-11-23 18:46:01,442 [Worker-35: http://dl.bintray.com/testng-team/testng-p2-release/p2.index] INFO  o.a.h.c.h.i.c.HttpRequestRetryExec - Recoverable I/O exception (org.apache.hc.core5.http.NoHttpResponseException) caught when processing request to {}->http://dl.bintray.com:80
2022-11-23 18:46:02,661 [Worker-32: http://dl.bintray.com/testng-team/testng-p2-release/p2.index] INFO  o.a.h.c.h.i.c.HttpRequestRetryExec - Recoverable I/O exception (org.apache.hc.core5.http.NoHttpResponseException) caught when processing request to {}->http://dl.bintray.com:80
2022-11-23 18:46:03,669 [Worker-35: http://dl.bintray.com/testng-team/testng-p2-release/content.jar] INFO  o.a.h.c.h.i.c.HttpRequestRetryExec - Recoverable I/O exception (org.apache.hc.core5.http.NoHttpResponseException) caught when processing request to {}->http://dl.bintray.com:80
2022-11-23 18:46:04,681 [Worker-36: http://dl.bintray.com/testng-team/testng-p2-release/content.xml] INFO  o.a.h.c.h.i.c.HttpRequestRetryExec - Recoverable I/O exception (org.apache.hc.core5.http.NoHttpResponseException) caught when processing request to {}->http://dl.bintray.com:80
2022-11-26 15:47:12,502 [Worker-8: Loading available Gradle versions] INFO  o.e.b.c.i.u.g.PublishedGradleVersions - Gradle version information cache is out-of-date. Trying to update.
2022-11-26 15:59:49,682 [Worker-29: http://dl.bintray.com/testng-team/testng-p2-release/p2.index] INFO  o.a.h.c.h.i.c.HttpRequestRetryExec - Recoverable I/O exception (org.apache.hc.core5.http.NoHttpResponseException) caught when processing request to {}->http://dl.bintray.com:80
2022-11-26 15:59:50,945 [Worker-21: http://dl.bintray.com/testng-team/testng-p2-release/p2.index] INFO  o.a.h.c.h.i.c.HttpRequestRetryExec - Recoverable I/O exception (org.apache.hc.core5.http.NoHttpResponseException) caught when processing request to {}->http://dl.bintray.com:80
2022-11-26 15:59:52,005 [Worker-2: http://dl.bintray.com/testng-team/testng-p2-release/content.jar] INFO  o.a.h.c.h.i.c.HttpRequestRetryExec - Recoverable I/O exception (org.apache.hc.core5.http.NoHttpResponseException) caught when processing request to {}->http://dl.bintray.com:80
2022-11-26 15:59:53,033 [Worker-29: http://dl.bintray.com/testng-team/testng-p2-release/content.xml] INFO  o.a.h.c.h.i.c.HttpRequestRetryExec - Recoverable I/O exception (org.apache.hc.core5.http.NoHttpResponseException) caught when processing request to {}->http://dl.bintray.com:80
2022-11-26 16:00:27,397 [Worker-2: http://dl.bintray.com/testng-team/testng-p2-release/p2.index] INFO  o.a.h.c.h.i.c.HttpRequestRetryExec - Recoverable I/O exception (org.apache.hc.core5.http.NoHttpResponseException) caught when processing request to {}->http://dl.bintray.com:80
2022-11-26 16:00:28,619 [Worker-32: http://dl.bintray.com/testng-team/testng-p2-release/p2.index] INFO  o.a.h.c.h.i.c.HttpRequestRetryExec - Recoverable I/O exception (org.apache.hc.core5.http.NoHttpResponseException) caught when processing request to {}->http://dl.bintray.com:80
2022-11-26 16:00:29,664 [Worker-21: http://dl.bintray.com/testng-team/testng-p2-release/content.jar] INFO  o.a.h.c.h.i.c.HttpRequestRetryExec - Recoverable I/O exception (org.apache.hc.core5.http.NoHttpResponseException) caught when processing request to {}->http://dl.bintray.com:80
2022-11-26 16:00:30,689 [Worker-2: http://dl.bintray.com/testng-team/testng-p2-release/content.xml] INFO  o.a.h.c.h.i.c.HttpRequestRetryExec - Recoverable I/O exception (org.apache.hc.core5.http.NoHttpResponseException) caught when processing request to {}->http://dl.bintray.com:80
2022-11-27 16:31:04,823 [Worker-2: Loading available Gradle versions] INFO  o.e.b.c.i.u.g.PublishedGradleVersions - Gradle version information cache is out-of-date. Trying to update.
2022-11-27 16:35:14,034 [Worker-29: http://dl.bintray.com/testng-team/testng-p2-release/p2.index] INFO  o.a.h.c.h.i.c.HttpRequestRetryExec - Recoverable I/O exception (org.apache.hc.core5.http.NoHttpResponseException) caught when processing request to {}->http://dl.bintray.com:80
2022-11-27 16:35:15,673 [Worker-22: http://dl.bintray.com/testng-team/testng-p2-release/p2.index] INFO  o.a.h.c.h.i.c.HttpRequestRetryExec - Recoverable I/O exception (org.apache.hc.core5.http.NoHttpResponseException) caught when processing request to {}->http://dl.bintray.com:80
2022-11-27 16:35:16,895 [Worker-29: http://dl.bintray.com/testng-team/testng-p2-release/content.jar] INFO  o.a.h.c.h.i.c.HttpRequestRetryExec - Recoverable I/O exception (org.apache.hc.core5.http.NoHttpResponseException) caught when processing request to {}->http://dl.bintray.com:80
2022-11-27 16:35:18,123 [Worker-29: http://dl.bintray.com/testng-team/testng-p2-release/content.xml] INFO  o.a.h.c.h.i.c.HttpRequestRetryExec - Recoverable I/O exception (org.apache.hc.core5.http.NoHttpResponseException) caught when processing request to {}->http://dl.bintray.com:80
2022-11-27 16:35:49,253 [Worker-27: http://dl.bintray.com/testng-team/testng-p2-release/p2.index] INFO  o.a.h.c.h.i.c.HttpRequestRetryExec - Recoverable I/O exception (org.apache.hc.core5.http.NoHttpResponseException) caught when processing request to {}->http://dl.bintray.com:80
2022-11-27 16:35:50,675 [Worker-29: http://dl.bintray.com/testng-team/testng-p2-release/p2.index] INFO  o.a.h.c.h.i.c.HttpRequestRetryExec - Recoverable I/O exception (org.apache.hc.core5.http.NoHttpResponseException) caught when processing request to {}->http://dl.bintray.com:80
2022-11-27 16:35:51,708 [Worker-27: http://dl.bintray.com/testng-team/testng-p2-release/content.jar] INFO  o.a.h.c.h.i.c.HttpRequestRetryExec - Recoverable I/O exception (org.apache.hc.core5.http.NoHttpResponseException) caught when processing request to {}->http://dl.bintray.com:80
2022-11-27 16:35:52,739 [Worker-22: http://dl.bintray.com/testng-team/testng-p2-release/content.xml] INFO  o.a.h.c.h.i.c.HttpRequestRetryExec - Recoverable I/O exception (org.apache.hc.core5.http.NoHttpResponseException) caught when processing request to {}->http://dl.bintray.com:80
2022-12-05 18:40:27,634 [Worker-0: Loading available Gradle versions] INFO  o.e.b.c.i.u.g.PublishedGradleVersions - Gradle version information cache is out-of-date. Trying to update.
2022-12-16 10:19:03,562 [Worker-0: Loading available Gradle versions] INFO  o.e.b.c.i.u.g.PublishedGradleVersions - Gradle version information cache is out-of-date. Trying to update.
2022-12-16 10:21:03,310 [Worker-22: http://download.eclipse.org/technology/m2e/releases/site.xml] INFO  o.a.h.c.h.i.c.HttpRequestRetryExec - Recoverable I/O exception (java.net.SocketException) caught when processing request to {s}->https://download.eclipse.org:443
